# JRE version: OpenJDK Runtime Environment (8.0_152-b01) (build 1.8.0_152-release-1343-b01)
# Java VM: OpenJDK 64-Bit Server VM (25.152-b01 mixed mode windows-amd64 compressed oops)
Heap:
 PSYoungGen      total 410624K, used 328967K [0x00000000e0000000, 0x00000000ff680000, 0x0000000100000000)
  eden space 304128K, 97% used [0x00000000e0000000,0x00000000f207c090,0x00000000f2900000)
  from space 106496K, 31% used [0x00000000f2900000,0x00000000f49c5e40,0x00000000f9100000)
  to   space 99328K, 0% used [0x00000000f9580000,0x00000000f9580000,0x00000000ff680000)
 ParOldGen       total 349184K, used 68770K [0x00000000a0000000, 0x00000000b5500000, 0x00000000e0000000)
  object space 349184K, 19% used [0x00000000a0000000,0x00000000a4328b40,0x00000000b5500000)
 Metaspace       used 85841K, capacity 89588K, committed 89880K, reserved 1128448K
  class space    used 10936K, capacity 11661K, committed 11816K, reserved 1048576K
GC Heap History (10 events):
Event: 58.043 GC heap before
{Heap before GC invocations=72 (full 6):
 PSYoungGen      total 451072K, used 411339K [0x00000000e0000000, 0x0000000100000000, 0x0000000100000000)
  eden space 377856K, 100% used [0x00000000e0000000,0x00000000f7100000,0x00000000f7100000)
  from space 73216K, 45% used [0x00000000f7100000,0x00000000f91b2f00,0x00000000fb880000)
  to   space 71168K, 0% used [0x00000000fba80000,0x00000000fba80000,0x0000000100000000)
 ParOldGen       total 391680K, used 215695K [0x00000000a0000000, 0x00000000b7e80000, 0x00000000e0000000)
  object space 391680K, 55% used [0x00000000a0000000,0x00000000ad2a3d60,0x00000000b7e80000)
 Metaspace       used 76092K, capacity 79068K, committed 80408K, reserved 1118208K
  class space    used 9854K, capacity 10459K, committed 10792K, reserved 1048576K
Event: 58.149 GC heap after
Heap after GC invocations=72 (full 6):
 PSYoungGen      total 373248K, used 71153K [0x00000000e0000000, 0x0000000100000000, 0x0000000100000000)
  eden space 302080K, 0% used [0x00000000e0000000,0x00000000e0000000,0x00000000f2700000)
  from space 71168K, 99% used [0x00000000fba80000,0x00000000ffffc6f8,0x0000000100000000)
  to   space 111104K, 0% used [0x00000000f2700000,0x00000000f2700000,0x00000000f9380000)
 ParOldGen       total 391680K, used 291281K [0x00000000a0000000, 0x00000000b7e80000, 0x00000000e0000000)
  object space 391680K, 74% used [0x00000000a0000000,0x00000000b1c747a8,0x00000000b7e80000)
 Metaspace       used 76092K, capacity 79068K, committed 80408K, reserved 1118208K
  class space    used 9854K, capacity 10459K, committed 10792K, reserved 1048576K
}
Event: 60.442 GC heap before
{Heap before GC invocations=73 (full 6):
 PSYoungGen      total 373248K, used 373233K [0x00000000e0000000, 0x0000000100000000, 0x0000000100000000)
  eden space 302080K, 100% used [0x00000000e0000000,0x00000000f2700000,0x00000000f2700000)
  from space 71168K, 99% used [0x00000000fba80000,0x00000000ffffc6f8,0x0000000100000000)
  to   space 111104K, 0% used [0x00000000f2700000,0x00000000f2700000,0x00000000f9380000)
 ParOldGen       total 391680K, used 291281K [0x00000000a0000000, 0x00000000b7e80000, 0x00000000e0000000)
  object space 391680K, 74% used [0x00000000a0000000,0x00000000b1c747a8,0x00000000b7e80000)
 Metaspace       used 78240K, capacity 81370K, committed 82200K, reserved 1120256K
  class space    used 10151K, capacity 10774K, committed 11048K, reserved 1048576K
Event: 60.497 GC heap after
Heap after GC invocations=73 (full 6):
 PSYoungGen      total 413184K, used 6334K [0x00000000e0000000, 0x0000000100000000, 0x0000000100000000)
  eden space 302080K, 0% used [0x00000000e0000000,0x00000000e0000000,0x00000000f2700000)
  from space 111104K, 5% used [0x00000000f2700000,0x00000000f2d2f908,0x00000000f9380000)
  to   space 109056K, 0% used [0x00000000f9580000,0x00000000f9580000,0x0000000100000000)
 ParOldGen       total 391680K, used 326100K [0x00000000a0000000, 0x00000000b7e80000, 0x00000000e0000000)
  object space 391680K, 83% used [0x00000000a0000000,0x00000000b3e750f8,0x00000000b7e80000)
 Metaspace       used 78240K, capacity 81370K, committed 82200K, reserved 1120256K
  class space    used 10151K, capacity 10774K, committed 11048K, reserved 1048576K
}
Event: 60.497 GC heap before
{Heap before GC invocations=74 (full 7):
 PSYoungGen      total 413184K, used 6334K [0x00000000e0000000, 0x0000000100000000, 0x0000000100000000)
  eden space 302080K, 0% used [0x00000000e0000000,0x00000000e0000000,0x00000000f2700000)
  from space 111104K, 5% used [0x00000000f2700000,0x00000000f2d2f908,0x00000000f9380000)
  to   space 109056K, 0% used [0x00000000f9580000,0x00000000f9580000,0x0000000100000000)
 ParOldGen       total 391680K, used 326100K [0x00000000a0000000, 0x00000000b7e80000, 0x00000000e0000000)
  object space 391680K, 83% used [0x00000000a0000000,0x00000000b3e750f8,0x00000000b7e80000)
 Metaspace       used 78240K, capacity 81370K, committed 82200K, reserved 1120256K
  class space    used 10151K, capacity 10774K, committed 11048K, reserved 1048576K
Event: 60.621 GC heap after
Heap after GC invocations=74 (full 7):
 PSYoungGen      total 413184K, used 0K [0x00000000e0000000, 0x0000000100000000, 0x0000000100000000)
  eden space 302080K, 0% used [0x00000000e0000000,0x00000000e0000000,0x00000000f2700000)
  from space 111104K, 0% used [0x00000000f2700000,0x00000000f2700000,0x00000000f9380000)
  to   space 109056K, 0% used [0x00000000f9580000,0x00000000f9580000,0x0000000100000000)
 ParOldGen       total 349184K, used 60673K [0x00000000a0000000, 0x00000000b5500000, 0x00000000e0000000)
  object space 349184K, 17% used [0x00000000a0000000,0x00000000a3b40570,0x00000000b5500000)
 Metaspace       used 78225K, capacity 81346K, committed 82200K, reserved 1120256K
  class space    used 10149K, capacity 10770K, committed 11048K, reserved 1048576K
}
Event: 62.068 GC heap before
{Heap before GC invocations=75 (full 7):
 PSYoungGen      total 413184K, used 302080K [0x00000000e0000000, 0x0000000100000000, 0x0000000100000000)
  eden space 302080K, 100% used [0x00000000e0000000,0x00000000f2700000,0x00000000f2700000)
  from space 111104K, 0% used [0x00000000f2700000,0x00000000f2700000,0x00000000f9380000)
  to   space 109056K, 0% used [0x00000000f9580000,0x00000000f9580000,0x0000000100000000)
 ParOldGen       total 349184K, used 60673K [0x00000000a0000000, 0x00000000b5500000, 0x00000000e0000000)
  object space 349184K, 17% used [0x00000000a0000000,0x00000000a3b40570,0x00000000b5500000)
 Metaspace       used 78477K, capacity 81692K, committed 82456K, reserved 1120256K
  class space    used 10169K, capacity 10815K, committed 11048K, reserved 1048576K
Event: 62.076 GC heap after
Heap after GC invocations=75 (full 7):
 PSYoungGen      total 406016K, used 10593K [0x00000000e0000000, 0x00000000ff900000, 0x0000000100000000)
  eden space 304128K, 0% used [0x00000000e0000000,0x00000000e0000000,0x00000000f2900000)
  from space 101888K, 10% used [0x00000000f9580000,0x00000000f9fd85d0,0x00000000ff900000)
  to   space 106496K, 0% used [0x00000000f2900000,0x00000000f2900000,0x00000000f9100000)
 ParOldGen       total 349184K, used 60681K [0x00000000a0000000, 0x00000000b5500000, 0x00000000e0000000)
  object space 349184K, 17% used [0x00000000a0000000,0x00000000a3b42570,0x00000000b5500000)
 Metaspace       used 78477K, capacity 81692K, committed 82456K, reserved 1120256K
  class space    used 10169K, capacity 10815K, committed 11048K, reserved 1048576K
}
Event: 128.665 GC heap before
{Heap before GC invocations=76 (full 7):
 PSYoungGen      total 406016K, used 313330K [0x00000000e0000000, 0x00000000ff900000, 0x0000000100000000)
  eden space 304128K, 99% used [0x00000000e0000000,0x00000000f27a4400,0x00000000f2900000)
  from space 101888K, 10% used [0x00000000f9580000,0x00000000f9fd85d0,0x00000000ff900000)
  to   space 106496K, 0% used [0x00000000f2900000,0x00000000f2900000,0x00000000f9100000)
 ParOldGen       total 349184K, used 60681K [0x00000000a0000000, 0x00000000b5500000, 0x00000000e0000000)
  object space 349184K, 17% used [0x00000000a0000000,0x00000000a3b42570,0x00000000b5500000)
 Metaspace       used 85014K, capacity 88544K, committed 88984K, reserved 1126400K
  class space    used 10860K, capacity 11509K, committed 11688K, reserved 1048576K
Event: 128.685 GC heap after
Heap after GC invocations=76 (full 7):
 PSYoungGen      total 410624K, used 33559K [0x00000000e0000000, 0x00000000ff680000, 0x0000000100000000)
  eden space 304128K, 0% used [0x00000000e0000000,0x00000000e0000000,0x00000000f2900000)
  from space 106496K, 31% used [0x00000000f2900000,0x00000000f49c5e40,0x00000000f9100000)
  to   space 99328K, 0% used [0x00000000f9580000,0x00000000f9580000,0x00000000ff680000)
 ParOldGen       total 349184K, used 68770K [0x00000000a0000000, 0x00000000b5500000, 0x00000000e0000000)
  object space 349184K, 19% used [0x00000000a0000000,0x00000000a4328b40,0x00000000b5500000)
 Metaspace       used 85014K, capacity 88544K, committed 88984K, reserved 1126400K
  class space    used 10860K, capacity 11509K, committed 11688K, reserved 1048576K
}

