# JRE version: OpenJDK Runtime Environment (8.0_152-b01) (build 1.8.0_152-release-1343-b01)
# Java VM: OpenJDK 64-Bit Server VM (25.152-b01 mixed mode windows-amd64 compressed oops)
Heap:
 PSYoungGen      total 487424K, used 376413K [0x00000000e0000000, 0x0000000100000000, 0x0000000100000000)
  eden space 451584K, 79% used [0x00000000e0000000,0x00000000f6020688,0x00000000fb900000)
  from space 35840K, 44% used [0x00000000fda80000,0x00000000fe9f6e90,0x00000000ffd80000)
  to   space 34304K, 0% used [0x00000000fb900000,0x00000000fb900000,0x00000000fda80000)
 ParOldGen       total 316928K, used 288017K [0x00000000a0000000, 0x00000000b3580000, 0x00000000e0000000)
  object space 316928K, 90% used [0x00000000a0000000,0x00000000b19446e8,0x00000000b3580000)
 Metaspace       used 119783K, capacity 124540K, committed 125208K, reserved 1159168K
  class space    used 14573K, capacity 15402K, committed 15656K, reserved 1048576K
GC Heap History (10 events):
Event: 344.739 GC heap before
{Heap before GC invocations=110 (full 6):
 PSYoungGen      total 480256K, used 451536K [0x00000000e0000000, 0x0000000100000000, 0x0000000100000000)
  eden space 440320K, 100% used [0x00000000e0000000,0x00000000fae00000,0x00000000fae00000)
  from space 39936K, 28% used [0x00000000fae00000,0x00000000fb8f4298,0x00000000fd500000)
  to   space 38912K, 0% used [0x00000000fda00000,0x00000000fda00000,0x0000000100000000)
 ParOldGen       total 316928K, used 242559K [0x00000000a0000000, 0x00000000b3580000, 0x00000000e0000000)
  object space 316928K, 76% used [0x00000000a0000000,0x00000000aecdff00,0x00000000b3580000)
 Metaspace       used 119772K, capacity 124540K, committed 125208K, reserved 1159168K
  class space    used 14573K, capacity 15402K, committed 15656K, reserved 1048576K
Event: 344.754 GC heap after
Heap after GC invocations=110 (full 6):
 PSYoungGen      total 480256K, used 14891K [0x00000000e0000000, 0x00000000ffc00000, 0x0000000100000000)
  eden space 445440K, 0% used [0x00000000e0000000,0x00000000e0000000,0x00000000fb300000)
  from space 34816K, 42% used [0x00000000fda00000,0x00000000fe88ad98,0x00000000ffc00000)
  to   space 37376K, 0% used [0x00000000fb300000,0x00000000fb300000,0x00000000fd780000)
 ParOldGen       total 316928K, used 249243K [0x00000000a0000000, 0x00000000b3580000, 0x00000000e0000000)
  object space 316928K, 78% used [0x00000000a0000000,0x00000000af366ca8,0x00000000b3580000)
 Metaspace       used 119772K, capacity 124540K, committed 125208K, reserved 1159168K
  class space    used 14573K, capacity 15402K, committed 15656K, reserved 1048576K
}
Event: 345.121 GC heap before
{Heap before GC invocations=111 (full 6):
 PSYoungGen      total 480256K, used 460331K [0x00000000e0000000, 0x00000000ffc00000, 0x0000000100000000)
  eden space 445440K, 100% used [0x00000000e0000000,0x00000000fb300000,0x00000000fb300000)
  from space 34816K, 42% used [0x00000000fda00000,0x00000000fe88ad98,0x00000000ffc00000)
  to   space 37376K, 0% used [0x00000000fb300000,0x00000000fb300000,0x00000000fd780000)
 ParOldGen       total 316928K, used 249243K [0x00000000a0000000, 0x00000000b3580000, 0x00000000e0000000)
  object space 316928K, 78% used [0x00000000a0000000,0x00000000af366ca8,0x00000000b3580000)
 Metaspace       used 119775K, capacity 124540K, committed 125208K, reserved 1159168K
  class space    used 14573K, capacity 15402K, committed 15656K, reserved 1048576K
Event: 345.138 GC heap after
Heap after GC invocations=111 (full 6):
 PSYoungGen      total 482816K, used 7052K [0x00000000e0000000, 0x0000000100000000, 0x0000000100000000)
  eden space 445440K, 0% used [0x00000000e0000000,0x00000000e0000000,0x00000000fb300000)
  from space 37376K, 18% used [0x00000000fb300000,0x00000000fb9e3210,0x00000000fd780000)
  to   space 36864K, 0% used [0x00000000fdc00000,0x00000000fdc00000,0x0000000100000000)
 ParOldGen       total 316928K, used 259058K [0x00000000a0000000, 0x00000000b3580000, 0x00000000e0000000)
  object space 316928K, 81% used [0x00000000a0000000,0x00000000afcfcaa8,0x00000000b3580000)
 Metaspace       used 119775K, capacity 124540K, committed 125208K, reserved 1159168K
  class space    used 14573K, capacity 15402K, committed 15656K, reserved 1048576K
}
Event: 345.566 GC heap before
{Heap before GC invocations=112 (full 6):
 PSYoungGen      total 482816K, used 452492K [0x00000000e0000000, 0x0000000100000000, 0x0000000100000000)
  eden space 445440K, 100% used [0x00000000e0000000,0x00000000fb300000,0x00000000fb300000)
  from space 37376K, 18% used [0x00000000fb300000,0x00000000fb9e3210,0x00000000fd780000)
  to   space 36864K, 0% used [0x00000000fdc00000,0x00000000fdc00000,0x0000000100000000)
 ParOldGen       total 316928K, used 259058K [0x00000000a0000000, 0x00000000b3580000, 0x00000000e0000000)
  object space 316928K, 81% used [0x00000000a0000000,0x00000000afcfcaa8,0x00000000b3580000)
 Metaspace       used 119780K, capacity 124540K, committed 125208K, reserved 1159168K
  class space    used 14573K, capacity 15402K, committed 15656K, reserved 1048576K
Event: 345.582 GC heap after
Heap after GC invocations=112 (full 6):
 PSYoungGen      total 486400K, used 22404K [0x00000000e0000000, 0x0000000100000000, 0x0000000100000000)
  eden space 449536K, 0% used [0x00000000e0000000,0x00000000e0000000,0x00000000fb700000)
  from space 36864K, 60% used [0x00000000fdc00000,0x00000000ff1e1388,0x0000000100000000)
  to   space 37376K, 0% used [0x00000000fb700000,0x00000000fb700000,0x00000000fdb80000)
 ParOldGen       total 316928K, used 260548K [0x00000000a0000000, 0x00000000b3580000, 0x00000000e0000000)
  object space 316928K, 82% used [0x00000000a0000000,0x00000000afe71028,0x00000000b3580000)
 Metaspace       used 119780K, capacity 124540K, committed 125208K, reserved 1159168K
  class space    used 14573K, capacity 15402K, committed 15656K, reserved 1048576K
}
Event: 345.925 GC heap before
{Heap before GC invocations=113 (full 6):
 PSYoungGen      total 486400K, used 471940K [0x00000000e0000000, 0x0000000100000000, 0x0000000100000000)
  eden space 449536K, 100% used [0x00000000e0000000,0x00000000fb700000,0x00000000fb700000)
  from space 36864K, 60% used [0x00000000fdc00000,0x00000000ff1e1388,0x0000000100000000)
  to   space 37376K, 0% used [0x00000000fb700000,0x00000000fb700000,0x00000000fdb80000)
 ParOldGen       total 316928K, used 260548K [0x00000000a0000000, 0x00000000b3580000, 0x00000000e0000000)
  object space 316928K, 82% used [0x00000000a0000000,0x00000000afe71028,0x00000000b3580000)
 Metaspace       used 119781K, capacity 124540K, committed 125208K, reserved 1159168K
  class space    used 14573K, capacity 15402K, committed 15656K, reserved 1048576K
Event: 345.945 GC heap after
Heap after GC invocations=113 (full 6):
 PSYoungGen      total 460800K, used 11056K [0x00000000e0000000, 0x00000000ffd80000, 0x0000000100000000)
  eden space 449536K, 0% used [0x00000000e0000000,0x00000000e0000000,0x00000000fb700000)
  from space 11264K, 98% used [0x00000000fb700000,0x00000000fc1cc0b0,0x00000000fc200000)
  to   space 35840K, 0% used [0x00000000fda80000,0x00000000fda80000,0x00000000ffd80000)
 ParOldGen       total 316928K, used 278933K [0x00000000a0000000, 0x00000000b3580000, 0x00000000e0000000)
  object space 316928K, 88% used [0x00000000a0000000,0x00000000b1065580,0x00000000b3580000)
 Metaspace       used 119781K, capacity 124540K, committed 125208K, reserved 1159168K
  class space    used 14573K, capacity 15402K, committed 15656K, reserved 1048576K
}
Event: 346.197 GC heap before
{Heap before GC invocations=114 (full 6):
 PSYoungGen      total 460800K, used 460592K [0x00000000e0000000, 0x00000000ffd80000, 0x0000000100000000)
  eden space 449536K, 100% used [0x00000000e0000000,0x00000000fb700000,0x00000000fb700000)
  from space 11264K, 98% used [0x00000000fb700000,0x00000000fc1cc0b0,0x00000000fc200000)
  to   space 35840K, 0% used [0x00000000fda80000,0x00000000fda80000,0x00000000ffd80000)
 ParOldGen       total 316928K, used 278933K [0x00000000a0000000, 0x00000000b3580000, 0x00000000e0000000)
  object space 316928K, 88% used [0x00000000a0000000,0x00000000b1065580,0x00000000b3580000)
 Metaspace       used 119782K, capacity 124540K, committed 125208K, reserved 1159168K
  class space    used 14573K, capacity 15402K, committed 15656K, reserved 1048576K
Event: 346.214 GC heap after
Heap after GC invocations=114 (full 6):
 PSYoungGen      total 487424K, used 15835K [0x00000000e0000000, 0x0000000100000000, 0x0000000100000000)
  eden space 451584K, 0% used [0x00000000e0000000,0x00000000e0000000,0x00000000fb900000)
  from space 35840K, 44% used [0x00000000fda80000,0x00000000fe9f6e90,0x00000000ffd80000)
  to   space 34304K, 0% used [0x00000000fb900000,0x00000000fb900000,0x00000000fda80000)
 ParOldGen       total 316928K, used 288017K [0x00000000a0000000, 0x00000000b3580000, 0x00000000e0000000)
  object space 316928K, 90% used [0x00000000a0000000,0x00000000b19446e8,0x00000000b3580000)
 Metaspace       used 119782K, capacity 124540K, committed 125208K, reserved 1159168K
  class space    used 14573K, capacity 15402K, committed 15656K, reserved 1048576K
}

